2024-12-12 09:11:34,333 - ERROR - TELEGRAM_BOT_TOKEN не установлен в переменных окружения.
2024-12-12 09:12:04,802 - ERROR - TELEGRAM_BOT_TOKEN не установлен в переменных окружения.
2024-12-12 09:13:13,617 - INFO - Пользователь 1106649525 начал работу с ботом.
2024-12-12 09:13:18,015 - INFO - Пользователь 1106649525 вошёл как студент: tekik_fatih.
2024-12-12 09:13:22,255 - ERROR - ValueError при проверке пароля для пользователя 1106649525: Хэш пароля не начинается с допустимого префикса bcrypt.
2024-12-12 09:13:52,470 - INFO - Пользователь 1106649525 начал работу с ботом.
2024-12-12 09:14:36,414 - INFO - Пользователь 1106649525 вошёл как преподаватель: ahmadieva_arai.
2024-12-12 09:14:38,213 - ERROR - ValueError при проверке пароля для пользователя 1106649525: Хэш пароля не начинается с допустимого префикса bcrypt.
2024-12-12 09:18:19,725 - ERROR - Infinity polling: polling exited
2024-12-12 09:18:19,726 - ERROR - Break infinity polling
2024-12-12 09:18:26,641 - INFO - Пользователь 1106649525 начал работу с ботом.
2024-12-12 09:18:30,179 - INFO - Пользователь 1106649525 вошёл как студент: tekik_fatih.
2024-12-12 09:18:32,891 - INFO - Обновлён chat_id для студента 3.
2024-12-12 09:18:33,025 - INFO - Пользователь 1106649525 успешно аутентифицирован.
2024-12-12 09:20:27,474 - INFO - Пользователь 1106649525 начал работу с ботом.
2024-12-12 09:20:37,659 - INFO - Пользователь 1106649525 вошёл как преподаватель: ahmadieva_arai.
2024-12-12 09:20:53,717 - WARNING - Пользователь 1106649525 ввёл неверный пароль.
2024-12-12 09:22:29,145 - INFO - Пользователь 1106649525 успешно аутентифицирован.
2024-12-12 09:22:31,182 - INFO - Преподаватель 1106649525 открыл меню ввода оценок и Н-ок.
2024-12-12 09:22:34,592 - INFO - Преподаватель 1106649525 выбрал выставление оценки.
2024-12-12 09:22:37,502 - INFO - Преподаватель 1106649525 выбрал студента 3 для выставления оценки.
2024-12-12 09:22:42,264 - INFO - Преподаватель 1106649525 ввёл дату оценки: 2024-12-12.
2024-12-12 09:22:43,929 - INFO - Преподаватель 1106649525 выставил оценку 99 для студента 3 на дату 2024-12-12.
2024-12-12 09:22:44,047 - INFO - Студент 3 уведомлён о новой оценке 99 от преподавателя 1.
2024-12-12 09:22:51,846 - INFO - Преподаватель 1106649525 начал процесс отметки пропусков для групп.
2024-12-12 09:22:54,848 - INFO - Преподаватель 1106649525 выбрал группу ПО2302 для переноса.
2024-12-12 09:23:00,215 - INFO - Преподаватель 1106649525 сохранил сообщение о переносе для группы 1.
2024-12-12 09:23:00,680 - ERROR - Ошибка отправки сообщения студенту 1293979420: A request to the Telegram API was unsuccessful. Error code: 400. Description: Bad Request: chat not found
2024-12-12 09:23:01,328 - INFO - Студент 854683539 получил сообщение от преподавателя 1106649525.
2024-12-12 09:23:01,769 - INFO - Студент 1206214187 получил сообщение от преподавателя 1106649525.
2024-12-12 09:23:02,198 - INFO - Студент 1106649525 получил сообщение от преподавателя 1106649525.
2024-12-12 09:23:02,326 - INFO - Студент 1106649525 получил сообщение от преподавателя 1106649525.
2024-12-12 09:23:03,624 - INFO - Пользователь 1106649525 вернулся в главное меню.
2024-12-12 09:23:04,856 - INFO - Преподаватель 1106649525 выбрал управление переносами для групп.
2024-12-12 09:23:06,210 - INFO - Преподаватель 1106649525 выбрал группу ПО2301 для переноса.
2024-12-12 09:23:08,282 - INFO - Преподаватель 1106649525 сохранил сообщение о переносе для группы 2.
2024-12-12 09:23:08,399 - INFO - Студент 854683539 получил сообщение от преподавателя 1106649525.
2024-12-12 09:23:08,555 - INFO - Студент 854683539 получил сообщение от преподавателя 1106649525.
2024-12-12 09:23:08,673 - INFO - Студент 854683539 получил сообщение от преподавателя 1106649525.
2024-12-12 09:23:08,807 - INFO - Студент 854683539 получил сообщение от преподавателя 1106649525.
2024-12-12 09:23:08,966 - INFO - Студент 1106649525 получил сообщение от преподавателя 1106649525.
2024-12-12 09:23:16,059 - INFO - Преподаватель 1106649525 открыл меню ввода оценок и Н-ок.
2024-12-12 09:23:18,668 - INFO - Преподаватель 1106649525 начал процесс отметки пропусков для групп.
2024-12-12 09:23:20,980 - INFO - Преподаватель 1106649525 выбрал группу ПО2301 для переноса.
2024-12-12 09:23:23,190 - INFO - Преподаватель 1106649525 выбрал группу ВТ2310 для переноса.
2024-12-12 09:25:38,748 - ERROR - Infinity polling: polling exited
2024-12-12 09:25:38,750 - ERROR - Break infinity polling
2024-12-12 09:27:18,287 - ERROR - Infinity polling: polling exited
2024-12-12 09:27:18,298 - ERROR - Break infinity polling
2024-12-12 09:27:30,787 - INFO - Пользователь 1106649525 начал работу с ботом.
2024-12-12 09:27:40,420 - INFO - Пользователь 1106649525 вошёл как преподаватель: ahmadieva_arai.
2024-12-12 09:27:42,695 - WARNING - Пользователь 1106649525 ввёл неверный пароль.
2024-12-12 09:27:45,872 - WARNING - Пользователь 1106649525 ввёл неверный пароль.
2024-12-12 09:27:48,577 - WARNING - Пользователь 1106649525 ввёл неверный пароль.
2024-12-12 09:28:21,019 - ERROR - Infinity polling: polling exited
2024-12-12 09:28:21,020 - ERROR - Break infinity polling
2024-12-12 09:28:28,205 - INFO - Пользователь 1106649525 начал работу с ботом.
2024-12-12 09:28:34,314 - INFO - Пользователь 1106649525 вошёл как преподаватель: ahmadieva_arai.
2024-12-12 09:28:36,132 - WARNING - Пользователь 1106649525 ввёл неверный пароль.
2024-12-12 09:28:45,206 - INFO - Пользователь 1106649525 начал работу с ботом.
2024-12-12 09:29:05,030 - INFO - Пользователь 1106649525 вошёл как студент: tekik_fatih.
2024-12-12 09:29:09,601 - INFO - Обновлён chat_id для студента 3.
2024-12-12 09:29:09,715 - INFO - Пользователь 1106649525 успешно аутентифицирован.
2024-12-12 09:29:12,510 - INFO - Пользователь 1106649525 начал работу с ботом.
2024-12-12 09:30:17,400 - INFO - Пользователь 1106649525 вошёл как преподаватель: ahmadieva_arai.
2024-12-12 09:30:24,698 - INFO - Пользователь 1106649525 успешно аутентифицирован.
2024-12-12 09:30:25,524 - INFO - Преподаватель 1106649525 открыл меню ввода оценок и Н-ок.
2024-12-12 09:30:28,881 - INFO - Преподаватель 1106649525 начал процесс отметки пропусков для групп.
2024-12-12 09:30:30,582 - INFO - Пользователь 1106649525 вернулся в главное меню.
2024-12-12 09:30:31,793 - INFO - Преподаватель 1106649525 выбрал управление переносами для групп.
2024-12-12 09:30:34,221 - INFO - Преподаватель 1106649525 открыл меню ввода оценок и Н-ок.
2024-12-12 09:30:35,519 - INFO - Преподаватель 1106649525 выбрал выставление оценки.
2024-12-12 09:30:38,352 - INFO - Преподаватель 1106649525 выбрал студента 4 для выставления оценки.
2024-12-12 09:30:39,545 - INFO - Преподаватель 1106649525 выбрал студента 3 для выставления оценки.
2024-12-12 09:30:43,663 - INFO - Преподаватель 1106649525 ввёл дату оценки: 2024-11-12.
2024-12-12 09:30:45,179 - INFO - Преподаватель 1106649525 запросил обновление оценки для студента 3 на дату 2024-11-12.
2024-12-12 09:30:47,663 - INFO - Преподаватель 1106649525 обновил оценку для студента 3 на дату 2024-11-12 до 99.
2024-12-12 09:30:47,778 - INFO - Студент 3 уведомлён об обновлении оценки до 99.
2024-12-12 09:31:11,412 - INFO - Преподаватель 1106649525 начал процесс отметки пропусков для групп.
2024-12-12 09:31:13,268 - INFO - Преподаватель 1106649525 начал процесс отметки пропусков для групп.
2024-12-12 09:31:21,695 - ERROR - Infinity polling: polling exited
2024-12-12 09:31:21,695 - ERROR - Break infinity polling
2024-12-12 09:31:33,105 - ERROR - Infinity polling: polling exited
2024-12-12 09:31:33,105 - ERROR - Infinity polling: polling exited
2024-12-12 09:31:33,105 - ERROR - Break infinity polling
2024-12-12 09:31:33,105 - ERROR - Break infinity polling
2024-12-12 09:31:39,074 - INFO - Пользователь 1106649525 начал работу с ботом.
2024-12-12 09:31:49,626 - INFO - Пользователь 1106649525 успешно аутентифицирован.
2024-12-12 09:31:50,830 - INFO - Пользователь 1106649525 вошёл как преподаватель: ahmadieva_arai.
2024-12-12 09:31:51,543 - INFO - Преподаватель 1106649525 открыл меню ввода оценок и Н-ок.
2024-12-12 09:56:19,261 - INFO - Пользователь 1106649525 вернулся в главное меню.
2024-12-12 09:56:21,576 - INFO - Преподаватель 1106649525 выбрал управление переносами для групп.
2024-12-12 09:57:00,679 - INFO - Преподаватель 1106649525 выбрал группу ПО2302 для переноса.
2024-12-12 09:57:06,382 - INFO - Преподаватель 1106649525 сохранил сообщение о переносе для группы 1.
2024-12-12 09:57:06,534 - ERROR - Ошибка отправки сообщения студенту 1293979420: A request to the Telegram API was unsuccessful. Error code: 400. Description: Bad Request: chat not found
2024-12-12 09:57:06,715 - INFO - Студент 854683539 получил сообщение от преподавателя 1106649525.
2024-12-12 09:57:06,835 - INFO - Студент 1206214187 получил сообщение от преподавателя 1106649525.
2024-12-12 09:57:06,966 - INFO - Студент 1106649525 получил сообщение от преподавателя 1106649525.
2024-12-12 09:57:07,090 - INFO - Студент 1106649525 получил сообщение от преподавателя 1106649525.
2024-12-12 09:57:47,020 - INFO - Преподаватель 1106649525 открыл меню ввода оценок и Н-ок.
2024-12-12 10:02:07,843 - ERROR - Infinity polling: polling exited
2024-12-12 10:02:07,848 - ERROR - Break infinity polling
